<?xml version="1.0" encoding="UTF-8"?>
<coverage generated="1783672307038" clover="3.2.0">
  <project timestamp="1783672307038" name="All files">
    <metrics statements="79" coveredstatements="79" conditionals="82" coveredconditionals="74" methods="16" coveredmethods="16" elements="177" coveredelements="169" complexity="0" loc="79" ncloc="79" packages="2" files="2" classes="2"/>
    <package name="agents">
      <metrics statements="24" coveredstatements="24" conditionals="37" coveredconditionals="35" methods="6" coveredmethods="6"/>
      <file name="scout-agent.js" path="D:\work\football-ai-community\server\src\agents\scout-agent.js">
        <metrics statements="24" coveredstatements="24" conditionals="37" coveredconditionals="35" methods="6" coveredmethods="6"/>
        <line num="6" count="67" type="stmt"/>
        <line num="7" count="21" type="stmt"/>
        <line num="19" count="16" type="cond" truecount="2" falsecount="0"/>
        <line num="23" count="14" type="stmt"/>
        <line num="25" count="14" type="cond" truecount="2" falsecount="0"/>
        <line num="26" count="2" type="stmt"/>
        <line num="28" count="12" type="cond" truecount="2" falsecount="0"/>
        <line num="29" count="1" type="stmt"/>
        <line num="31" count="11" type="cond" truecount="2" falsecount="0"/>
        <line num="32" count="1" type="stmt"/>
        <line num="34" count="10" type="cond" truecount="2" falsecount="0"/>
        <line num="35" count="1" type="stmt"/>
        <line num="38" count="9" type="stmt"/>
        <line num="39" count="9" type="stmt"/>
        <line num="46" count="21" type="stmt"/>
        <line num="47" count="6" type="cond" truecount="2" falsecount="0"/>
        <line num="49" count="6" type="cond" truecount="4" falsecount="0"/>
        <line num="50" count="1" type="stmt"/>
        <line num="51" count="1" type="cond" truecount="2" falsecount="0"/>
        <line num="54" count="6" type="stmt"/>
        <line num="62" count="3" type="cond" truecount="5" falsecount="0"/>
        <line num="63" count="2" type="stmt"/>
        <line num="65" count="1" type="stmt"/>
        <line num="71" count="2" type="stmt"/>
      </file>
    </package>
    <package name="services">
      <metrics statements="55" coveredstatements="55" conditionals="45" coveredconditionals="39" methods="10" coveredmethods="10"/>
      <file name="scout-context-builder.js" path="D:\work\football-ai-community\server\src\services\scout-context-builder.js">
        <metrics statements="55" coveredstatements="55" conditionals="45" coveredconditionals="39" methods="10" coveredmethods="10"/>
        <line num="10" count="2" type="stmt"/>
        <line num="11" count="2" type="stmt"/>
        <line num="14" count="22" type="cond" truecount="2" falsecount="0"/>
        <line num="15" count="21" type="stmt"/>
        <line num="16" count="21" type="cond" truecount="2" falsecount="0"/>
        <line num="17" count="5" type="cond" truecount="3" falsecount="0"/>
        <line num="18" count="5" type="cond" truecount="1" falsecount="1"/>
        <line num="22" count="21" type="cond" truecount="2" falsecount="0"/>
        <line num="23" count="20" type="stmt"/>
        <line num="24" count="138" type="cond" truecount="2" falsecount="0"/>
        <line num="28" count="258" type="stmt"/>
        <line num="29" count="258" type="cond" truecount="2" falsecount="0"/>
        <line num="30" count="258" type="stmt"/>
        <line num="42" count="2" type="stmt"/>
        <line num="51" count="114" type="cond" truecount="1" falsecount="1"/>
        <line num="52" count="114" type="cond" truecount="1" falsecount="1"/>
        <line num="53" count="114" type="stmt"/>
        <line num="54" count="114" type="cond" truecount="2" falsecount="0"/>
        <line num="55" count="114" type="stmt"/>
        <line num="59" count="18" type="stmt"/>
        <line num="60" count="18" type="cond" truecount="2" falsecount="0"/>
        <line num="61" count="8" type="cond" truecount="2" falsecount="0"/>
        <line num="63" count="18" type="cond" truecount="2" falsecount="0"/>
        <line num="64" count="114" type="stmt"/>
        <line num="66" count="18" type="stmt"/>
        <line num="70" count="26" type="stmt"/>
        <line num="71" count="26" type="cond" truecount="2" falsecount="0"/>
        <line num="72" count="2" type="stmt"/>
        <line num="75" count="24" type="cond" truecount="2" falsecount="0"/>
        <line num="76" count="17" type="cond" truecount="4" falsecount="0"/>
        <line num="77" count="2" type="stmt"/>
        <line num="79" count="15" type="stmt"/>
        <line num="80" count="15" type="stmt"/>
        <line num="81" count="15" type="stmt"/>
        <line num="82" count="15" type="stmt"/>
        <line num="83" count="15" type="stmt"/>
        <line num="84" count="15" type="stmt"/>
        <line num="95" count="7" type="cond" truecount="2" falsecount="0"/>
        <line num="96" count="4" type="stmt"/>
        <line num="97" count="4" type="cond" truecount="2" falsecount="0"/>
        <line num="98" count="2" type="stmt"/>
        <line num="100" count="2" type="stmt"/>
        <line num="101" count="2" type="stmt"/>
        <line num="102" count="2" type="stmt"/>
        <line num="103" count="2" type="stmt"/>
        <line num="104" count="2" type="stmt"/>
        <line num="105" count="2" type="stmt"/>
        <line num="117" count="3" type="cond" truecount="2" falsecount="0"/>
        <line num="118" count="1" type="stmt"/>
        <line num="119" count="1" type="stmt"/>
        <line num="120" count="1" type="stmt"/>
        <line num="121" count="1" type="stmt"/>
        <line num="122" count="1" type="stmt"/>
        <line num="123" count="1" type="stmt"/>
        <line num="133" count="2" type="stmt"/>
      </file>
    </package>
  </project>
</coverage>
