{"D:\\work\\football-ai-community\\server\\src\\services\\career-sync-service.js": {"path":"D:\\work\\football-ai-community\\server\\src\\services\\career-sync-service.js","statementMap":{"0":{"start":{"line":23,"column":2},"end":{"line":28,"column":12}},"1":{"start":{"line":32,"column":2},"end":{"line":32,"column":30}},"2":{"start":{"line":32,"column":17},"end":{"line":32,"column":30}},"3":{"start":{"line":33,"column":19},"end":{"line":33,"column":39}},"4":{"start":{"line":34,"column":2},"end":{"line":34,"column":43}},"5":{"start":{"line":34,"column":30},"end":{"line":34,"column":43}},"6":{"start":{"line":35,"column":16},"end":{"line":35,"column":58}},"7":{"start":{"line":36,"column":2},"end":{"line":36,"column":39}},"8":{"start":{"line":40,"column":2},"end":{"line":42,"column":3}},"9":{"start":{"line":41,"column":4},"end":{"line":41,"column":16}},"10":{"start":{"line":43,"column":15},"end":{"line":43,"column":67}},"11":{"start":{"line":44,"column":21},"end":{"line":44,"column":84}},"12":{"start":{"line":45,"column":2},"end":{"line":50,"column":5}},"13":{"start":{"line":54,"column":18},"end":{"line":54,"column":51}},"14":{"start":{"line":55,"column":18},"end":{"line":55,"column":65}},"15":{"start":{"line":56,"column":15},"end":{"line":56,"column":24}},"16":{"start":{"line":58,"column":2},"end":{"line":190,"column":4}},"17":{"start":{"line":64,"column":66},"end":{"line":64,"column":70}},"18":{"start":{"line":65,"column":19},"end":{"line":65,"column":67}},"19":{"start":{"line":66,"column":6},"end":{"line":68,"column":7}},"20":{"start":{"line":67,"column":8},"end":{"line":67,"column":73}},"21":{"start":{"line":69,"column":6},"end":{"line":71,"column":7}},"22":{"start":{"line":70,"column":8},"end":{"line":70,"column":95}},"23":{"start":{"line":73,"column":19},"end":{"line":73,"column":59}},"24":{"start":{"line":74,"column":6},"end":{"line":81,"column":7}},"25":{"start":{"line":80,"column":8},"end":{"line":80,"column":60}},"26":{"start":{"line":83,"column":6},"end":{"line":85,"column":7}},"27":{"start":{"line":84,"column":8},"end":{"line":84,"column":96}},"28":{"start":{"line":88,"column":6},"end":{"line":104,"column":7}},"29":{"start":{"line":89,"column":8},"end":{"line":89,"column":83}},"30":{"start":{"line":91,"column":24},"end":{"line":91,"column":51}},"31":{"start":{"line":92,"column":8},"end":{"line":98,"column":9}},"32":{"start":{"line":94,"column":10},"end":{"line":97,"column":13}},"33":{"start":{"line":99,"column":22},"end":{"line":102,"column":10}},"34":{"start":{"line":103,"column":8},"end":{"line":103,"column":20}},"35":{"start":{"line":106,"column":17},"end":{"line":106,"column":24}},"36":{"start":{"line":107,"column":18},"end":{"line":107,"column":42}},"37":{"start":{"line":109,"column":24},"end":{"line":179,"column":10}},"38":{"start":{"line":110,"column":28},"end":{"line":110,"column":88}},"39":{"start":{"line":111,"column":29},"end":{"line":125,"column":10}},"40":{"start":{"line":128,"column":8},"end":{"line":128,"column":52}},"41":{"start":{"line":129,"column":8},"end":{"line":129,"column":60}},"42":{"start":{"line":131,"column":27},"end":{"line":131,"column":86}},"43":{"start":{"line":132,"column":8},"end":{"line":153,"column":9}},"44":{"start":{"line":133,"column":23},"end":{"line":133,"column":43}},"45":{"start":{"line":134,"column":10},"end":{"line":134,"column":30}},"46":{"start":{"line":134,"column":21},"end":{"line":134,"column":30}},"47":{"start":{"line":135,"column":27},"end":{"line":139,"column":12}},"48":{"start":{"line":140,"column":10},"end":{"line":152,"column":13}},"49":{"start":{"line":155,"column":31},"end":{"line":157,"column":14}},"50":{"start":{"line":158,"column":8},"end":{"line":176,"column":9}},"51":{"start":{"line":159,"column":10},"end":{"line":159,"column":58}},"52":{"start":{"line":159,"column":49},"end":{"line":159,"column":58}},"53":{"start":{"line":160,"column":27},"end":{"line":164,"column":12}},"54":{"start":{"line":165,"column":10},"end":{"line":175,"column":13}},"55":{"start":{"line":178,"column":8},"end":{"line":178,"column":28}},"56":{"start":{"line":181,"column":6},"end":{"line":181,"column":69}},"57":{"start":{"line":188,"column":6},"end":{"line":188,"column":46}},"58":{"start":{"line":193,"column":33},"end":{"line":193,"column":58}}},"fnMap":{"0":{"name":"normalizeName","decl":{"start":{"line":22,"column":9},"end":{"line":22,"column":22}},"loc":{"start":{"line":22,"column":29},"end":{"line":29,"column":1}},"line":22},"1":{"name":"isWithinTtl","decl":{"start":{"line":31,"column":9},"end":{"line":31,"column":20}},"loc":{"start":{"line":31,"column":40},"end":{"line":37,"column":1}},"line":31},"2":{"name":"ensureClub","decl":{"start":{"line":39,"column":9},"end":{"line":39,"column":19}},"loc":{"start":{"line":39,"column":33},"end":{"line":51,"column":1}},"line":39},"3":{"name":"createCareerSyncService","decl":{"start":{"line":53,"column":16},"end":{"line":53,"column":39}},"loc":{"start":{"line":53,"column":51},"end":{"line":191,"column":1}},"line":53},"4":{"name":"(anonymous_4)","decl":{"start":{"line":63,"column":4},"end":{"line":63,"column":5}},"loc":{"start":{"line":63,"column":32},"end":{"line":182,"column":5}},"line":63},"5":{"name":"(anonymous_5)","decl":{"start":{"line":109,"column":39},"end":{"line":109,"column":40}},"loc":{"start":{"line":109,"column":45},"end":{"line":179,"column":7}},"line":109},"6":{"name":"(anonymous_6)","decl":{"start":{"line":187,"column":4},"end":{"line":187,"column":5}},"loc":{"start":{"line":187,"column":53},"end":{"line":189,"column":5}},"line":187}},"branchMap":{"0":{"loc":{"start":{"line":23,"column":16},"end":{"line":23,"column":26}},"type":"binary-expr","locations":[{"start":{"line":23,"column":16},"end":{"line":23,"column":20}},{"start":{"line":23,"column":24},"end":{"line":23,"column":26}}],"line":23},"1":{"loc":{"start":{"line":32,"column":2},"end":{"line":32,"column":30}},"type":"if","locations":[{"start":{"line":32,"column":2},"end":{"line":32,"column":30}},{"start":{},"end":{}}],"line":32},"2":{"loc":{"start":{"line":34,"column":2},"end":{"line":34,"column":43}},"type":"if","locations":[{"start":{"line":34,"column":2},"end":{"line":34,"column":43}},{"start":{},"end":{}}],"line":34},"3":{"loc":{"start":{"line":40,"column":2},"end":{"line":42,"column":3}},"type":"if","locations":[{"start":{"line":40,"column":2},"end":{"line":42,"column":3}},{"start":{},"end":{}}],"line":40},"4":{"loc":{"start":{"line":40,"column":6},"end":{"line":40,"column":52}},"type":"binary-expr","locations":[{"start":{"line":40,"column":6},"end":{"line":40,"column":24}},{"start":{"line":40,"column":28},"end":{"line":40,"column":52}}],"line":40},"5":{"loc":{"start":{"line":43,"column":15},"end":{"line":43,"column":67}},"type":"binary-expr","locations":[{"start":{"line":43,"column":15},"end":{"line":43,"column":31}},{"start":{"line":43,"column":35},"end":{"line":43,"column":67}}],"line":43},"6":{"loc":{"start":{"line":44,"column":28},"end":{"line":44,"column":83}},"type":"binary-expr","locations":[{"start":{"line":44,"column":28},"end":{"line":44,"column":50}},{"start":{"line":44,"column":54},"end":{"line":44,"column":83}}],"line":44},"7":{"loc":{"start":{"line":49,"column":20},"end":{"line":49,"column":69}},"type":"binary-expr","locations":[{"start":{"line":49,"column":20},"end":{"line":49,"column":46}},{"start":{"line":49,"column":50},"end":{"line":49,"column":69}}],"line":49},"8":{"loc":{"start":{"line":53,"column":40},"end":{"line":53,"column":49}},"type":"default-arg","locations":[{"start":{"line":53,"column":47},"end":{"line":53,"column":49}}],"line":53},"9":{"loc":{"start":{"line":54,"column":18},"end":{"line":54,"column":51}},"type":"binary-expr","locations":[{"start":{"line":54,"column":18},"end":{"line":54,"column":30}},{"start":{"line":54,"column":34},"end":{"line":54,"column":51}}],"line":54},"10":{"loc":{"start":{"line":55,"column":18},"end":{"line":55,"column":65}},"type":"binary-expr","locations":[{"start":{"line":55,"column":18},"end":{"line":55,"column":30}},{"start":{"line":55,"column":34},"end":{"line":55,"column":60}},{"start":{"line":55,"column":64},"end":{"line":55,"column":65}}],"line":55},"11":{"loc":{"start":{"line":63,"column":21},"end":{"line":63,"column":30}},"type":"default-arg","locations":[{"start":{"line":63,"column":28},"end":{"line":63,"column":30}}],"line":63},"12":{"loc":{"start":{"line":64,"column":36},"end":{"line":64,"column":46}},"type":"default-arg","locations":[{"start":{"line":64,"column":43},"end":{"line":64,"column":46}}],"line":64},"13":{"loc":{"start":{"line":64,"column":48},"end":{"line":64,"column":61}},"type":"default-arg","locations":[{"start":{"line":64,"column":56},"end":{"line":64,"column":61}}],"line":64},"14":{"loc":{"start":{"line":65,"column":19},"end":{"line":65,"column":67}},"type":"cond-expr","locations":[{"start":{"line":65,"column":30},"end":{"line":65,"column":60}},{"start":{"line":65,"column":63},"end":{"line":65,"column":67}}],"line":65},"15":{"loc":{"start":{"line":66,"column":6},"end":{"line":68,"column":7}},"type":"if","locations":[{"start":{"line":66,"column":6},"end":{"line":68,"column":7}},{"start":{},"end":{}}],"line":66},"16":{"loc":{"start":{"line":66,"column":10},"end":{"line":66,"column":31}},"type":"binary-expr","locations":[{"start":{"line":66,"column":10},"end":{"line":66,"column":17}},{"start":{"line":66,"column":21},"end":{"line":66,"column":31}}],"line":66},"17":{"loc":{"start":{"line":69,"column":6},"end":{"line":71,"column":7}},"type":"if","locations":[{"start":{"line":69,"column":6},"end":{"line":71,"column":7}},{"start":{},"end":{}}],"line":69},"18":{"loc":{"start":{"line":69,"column":10},"end":{"line":69,"column":32}},"type":"binary-expr","locations":[{"start":{"line":69,"column":10},"end":{"line":69,"column":17}},{"start":{"line":69,"column":21},"end":{"line":69,"column":32}}],"line":69},"19":{"loc":{"start":{"line":73,"column":19},"end":{"line":73,"column":59}},"type":"binary-expr","locations":[{"start":{"line":73,"column":19},"end":{"line":73,"column":37}},{"start":{"line":73,"column":41},"end":{"line":73,"column":59}}],"line":73},"20":{"loc":{"start":{"line":74,"column":6},"end":{"line":81,"column":7}},"type":"if","locations":[{"start":{"line":74,"column":6},"end":{"line":81,"column":7}},{"start":{},"end":{}}],"line":74},"21":{"loc":{"start":{"line":75,"column":8},"end":{"line":78,"column":48}},"type":"binary-expr","locations":[{"start":{"line":75,"column":8},"end":{"line":75,"column":14}},{"start":{"line":76,"column":11},"end":{"line":76,"column":17}},{"start":{"line":77,"column":11},"end":{"line":77,"column":40}},{"start":{"line":78,"column":11},"end":{"line":78,"column":48}}],"line":75},"22":{"loc":{"start":{"line":83,"column":6},"end":{"line":85,"column":7}},"type":"if","locations":[{"start":{"line":83,"column":6},"end":{"line":85,"column":7}},{"start":{},"end":{}}],"line":83},"23":{"loc":{"start":{"line":89,"column":59},"end":{"line":89,"column":79}},"type":"binary-expr","locations":[{"start":{"line":89,"column":59},"end":{"line":89,"column":71}},{"start":{"line":89,"column":75},"end":{"line":89,"column":79}}],"line":89},"24":{"loc":{"start":{"line":91,"column":24},"end":{"line":91,"column":51}},"type":"binary-expr","locations":[{"start":{"line":91,"column":24},"end":{"line":91,"column":36}},{"start":{"line":91,"column":40},"end":{"line":91,"column":51}}],"line":91},"25":{"loc":{"start":{"line":92,"column":8},"end":{"line":98,"column":9}},"type":"if","locations":[{"start":{"line":92,"column":8},"end":{"line":98,"column":9}},{"start":{},"end":{}}],"line":92},"26":{"loc":{"start":{"line":101,"column":20},"end":{"line":101,"column":38}},"type":"binary-expr","locations":[{"start":{"line":101,"column":20},"end":{"line":101,"column":30}},{"start":{"line":101,"column":34},"end":{"line":101,"column":38}}],"line":101},"27":{"loc":{"start":{"line":110,"column":28},"end":{"line":110,"column":88}},"type":"cond-expr","locations":[{"start":{"line":110,"column":50},"end":{"line":110,"column":81}},{"start":{"line":110,"column":84},"end":{"line":110,"column":88}}],"line":110},"28":{"loc":{"start":{"line":115,"column":16},"end":{"line":115,"column":78}},"type":"binary-expr","locations":[{"start":{"line":115,"column":16},"end":{"line":115,"column":28}},{"start":{"line":115,"column":32},"end":{"line":115,"column":44}},{"start":{"line":115,"column":48},"end":{"line":115,"column":78}}],"line":115},"29":{"loc":{"start":{"line":116,"column":26},"end":{"line":116,"column":85}},"type":"binary-expr","locations":[{"start":{"line":116,"column":26},"end":{"line":116,"column":48}},{"start":{"line":116,"column":52},"end":{"line":116,"column":85}}],"line":116},"30":{"loc":{"start":{"line":116,"column":66},"end":{"line":116,"column":84}},"type":"binary-expr","locations":[{"start":{"line":116,"column":66},"end":{"line":116,"column":78}},{"start":{"line":116,"column":82},"end":{"line":116,"column":84}}],"line":116},"31":{"loc":{"start":{"line":120,"column":25},"end":{"line":120,"column":48}},"type":"binary-expr","locations":[{"start":{"line":120,"column":25},"end":{"line":120,"column":40}},{"start":{"line":120,"column":44},"end":{"line":120,"column":48}}],"line":120},"32":{"loc":{"start":{"line":121,"column":27},"end":{"line":121,"column":81}},"type":"binary-expr","locations":[{"start":{"line":121,"column":27},"end":{"line":121,"column":44}},{"start":{"line":121,"column":48},"end":{"line":121,"column":73}},{"start":{"line":121,"column":77},"end":{"line":121,"column":81}}],"line":121},"33":{"loc":{"start":{"line":131,"column":27},"end":{"line":131,"column":86}},"type":"cond-expr","locations":[{"start":{"line":131,"column":63},"end":{"line":131,"column":81}},{"start":{"line":131,"column":84},"end":{"line":131,"column":86}}],"line":131},"34":{"loc":{"start":{"line":134,"column":10},"end":{"line":134,"column":30}},"type":"if","locations":[{"start":{"line":134,"column":10},"end":{"line":134,"column":30}},{"start":{},"end":{}}],"line":134},"35":{"loc":{"start":{"line":144,"column":23},"end":{"line":144,"column":44}},"type":"binary-expr","locations":[{"start":{"line":144,"column":23},"end":{"line":144,"column":36}},{"start":{"line":144,"column":40},"end":{"line":144,"column":44}}],"line":144},"36":{"loc":{"start":{"line":145,"column":21},"end":{"line":145,"column":40}},"type":"binary-expr","locations":[{"start":{"line":145,"column":21},"end":{"line":145,"column":32}},{"start":{"line":145,"column":36},"end":{"line":145,"column":40}}],"line":145},"37":{"loc":{"start":{"line":149,"column":26},"end":{"line":149,"column":50}},"type":"binary-expr","locations":[{"start":{"line":149,"column":26},"end":{"line":149,"column":42}},{"start":{"line":149,"column":46},"end":{"line":149,"column":50}}],"line":149},"38":{"loc":{"start":{"line":150,"column":25},"end":{"line":150,"column":48}},"type":"binary-expr","locations":[{"start":{"line":150,"column":25},"end":{"line":150,"column":40}},{"start":{"line":150,"column":44},"end":{"line":150,"column":48}}],"line":150},"39":{"loc":{"start":{"line":151,"column":23},"end":{"line":151,"column":73}},"type":"cond-expr","locations":[{"start":{"line":151,"column":56},"end":{"line":151,"column":69}},{"start":{"line":151,"column":72},"end":{"line":151,"column":73}}],"line":151},"40":{"loc":{"start":{"line":155,"column":31},"end":{"line":157,"column":14}},"type":"cond-expr","locations":[{"start":{"line":156,"column":12},"end":{"line":156,"column":38}},{"start":{"line":157,"column":12},"end":{"line":157,"column":14}}],"line":155},"41":{"loc":{"start":{"line":159,"column":10},"end":{"line":159,"column":58}},"type":"if","locations":[{"start":{"line":159,"column":10},"end":{"line":159,"column":58}},{"start":{},"end":{}}],"line":159},"42":{"loc":{"start":{"line":159,"column":14},"end":{"line":159,"column":47}},"type":"binary-expr","locations":[{"start":{"line":159,"column":14},"end":{"line":159,"column":29}},{"start":{"line":159,"column":33},"end":{"line":159,"column":47}}],"line":159},"43":{"loc":{"start":{"line":168,"column":23},"end":{"line":168,"column":90}},"type":"binary-expr","locations":[{"start":{"line":168,"column":23},"end":{"line":168,"column":36}},{"start":{"line":168,"column":40},"end":{"line":168,"column":90}}],"line":168},"44":{"loc":{"start":{"line":169,"column":24},"end":{"line":169,"column":55}},"type":"binary-expr","locations":[{"start":{"line":169,"column":24},"end":{"line":169,"column":38}},{"start":{"line":169,"column":42},"end":{"line":169,"column":55}}],"line":169},"45":{"loc":{"start":{"line":170,"column":23},"end":{"line":170,"column":44}},"type":"binary-expr","locations":[{"start":{"line":170,"column":23},"end":{"line":170,"column":36}},{"start":{"line":170,"column":40},"end":{"line":170,"column":44}}],"line":170},"46":{"loc":{"start":{"line":171,"column":21},"end":{"line":171,"column":40}},"type":"binary-expr","locations":[{"start":{"line":171,"column":21},"end":{"line":171,"column":32}},{"start":{"line":171,"column":36},"end":{"line":171,"column":40}}],"line":171},"47":{"loc":{"start":{"line":187,"column":32},"end":{"line":187,"column":51}},"type":"default-arg","locations":[{"start":{"line":187,"column":49},"end":{"line":187,"column":51}}],"line":187},"48":{"loc":{"start":{"line":187,"column":34},"end":{"line":187,"column":44}},"type":"default-arg","locations":[{"start":{"line":187,"column":42},"end":{"line":187,"column":44}}],"line":187}},"s":{"0":29,"1":4,"2":1,"3":3,"4":3,"5":1,"6":2,"7":2,"8":26,"9":1,"10":25,"11":25,"12":25,"13":24,"14":24,"15":24,"16":24,"17":21,"18":21,"19":21,"20":4,"21":21,"22":1,"23":20,"24":20,"25":1,"26":19,"27":16,"28":19,"29":19,"30":3,"31":3,"32":2,"33":3,"34":3,"35":16,"36":16,"37":16,"38":16,"39":16,"40":16,"41":16,"42":16,"43":16,"44":13,"45":13,"46":1,"47":12,"48":12,"49":16,"50":16,"51":12,"52":1,"53":11,"54":11,"55":16,"56":16,"57":2,"58":1},"f":{"0":29,"1":4,"2":26,"3":24,"4":21,"5":16,"6":2},"b":{"0":[29,0],"1":[1,3],"2":[1,2],"3":[1,25],"4":[26,3],"5":[25,2],"6":[25,1],"7":[25,25],"8":[1],"9":[24,1],"10":[24,1,0],"11":[0],"12":[20],"13":[10],"14":[16,5],"15":[4,17],"16":[21,5],"17":[1,20],"18":[21,4],"19":[20,3],"20":[1,19],"21":[20,17,6,4],"22":[16,3],"23":[19,19],"24":[3,1],"25":[2,1],"26":[3,1],"27":[13,3],"28":[16,2,1],"29":[16,2],"30":[2,2],"31":[16,3],"32":[16,3,3],"33":[15,1],"34":[1,12],"35":[12,1],"36":[12,1],"37":[12,5],"38":[12,12],"39":[10,2],"40":[15,1],"41":[1,11],"42":[12,2],"43":[11,1],"44":[11,1],"45":[11,0],"46":[11,0],"47":[1],"48":[1]},"_coverageSchema":"1a1c01bbd47fc00a2c39e90264f33305004495a9","hash":"0eda5dd7713a3562659aa9b5c3836a77356f0eb6"}
,"D:\\work\\football-ai-community\\server\\src\\services\\time-normalize.js": {"path":"D:\\work\\football-ai-community\\server\\src\\services\\time-normalize.js","statementMap":{"0":{"start":{"line":1,"column":23},"end":{"line":8,"column":1}},"1":{"start":{"line":10,"column":22},"end":{"line":10,"column":64}},"2":{"start":{"line":13,"column":2},"end":{"line":13,"column":45}},"3":{"start":{"line":13,"column":12},"end":{"line":13,"column":45}},"4":{"start":{"line":14,"column":2},"end":{"line":14,"column":47}},"5":{"start":{"line":18,"column":2},"end":{"line":18,"column":71}},"6":{"start":{"line":22,"column":2},"end":{"line":22,"column":32}},"7":{"start":{"line":22,"column":19},"end":{"line":22,"column":32}},"8":{"start":{"line":23,"column":12},"end":{"line":23,"column":30}},"9":{"start":{"line":24,"column":2},"end":{"line":24,"column":43}},"10":{"start":{"line":28,"column":2},"end":{"line":28,"column":70}},"11":{"start":{"line":32,"column":16},"end":{"line":32,"column":66}},"12":{"start":{"line":33,"column":2},"end":{"line":33,"column":26}},"13":{"start":{"line":33,"column":14},"end":{"line":33,"column":26}},"14":{"start":{"line":35,"column":20},"end":{"line":35,"column":42}},"15":{"start":{"line":37,"column":18},"end":{"line":37,"column":26}},"16":{"start":{"line":38,"column":2},"end":{"line":46,"column":3}},"17":{"start":{"line":39,"column":20},"end":{"line":39,"column":53}},"18":{"start":{"line":40,"column":4},"end":{"line":40,"column":46}},"19":{"start":{"line":41,"column":4},"end":{"line":43,"column":5}},"20":{"start":{"line":42,"column":6},"end":{"line":42,"column":21}},"21":{"start":{"line":45,"column":4},"end":{"line":45,"column":36}},"22":{"start":{"line":48,"column":2},"end":{"line":52,"column":4}},"23":{"start":{"line":61,"column":19},"end":{"line":61,"column":40}},"24":{"start":{"line":63,"column":2},"end":{"line":73,"column":3}},"25":{"start":{"line":64,"column":4},"end":{"line":71,"column":5}},"26":{"start":{"line":65,"column":6},"end":{"line":70,"column":8}},"27":{"start":{"line":72,"column":4},"end":{"line":72,"column":70}},"28":{"start":{"line":75,"column":15},"end":{"line":75,"column":33}},"29":{"start":{"line":77,"column":2},"end":{"line":84,"column":3}},"30":{"start":{"line":78,"column":4},"end":{"line":83,"column":6}},"31":{"start":{"line":86,"column":21},"end":{"line":86,"column":60}},"32":{"start":{"line":87,"column":2},"end":{"line":89,"column":3}},"33":{"start":{"line":88,"column":4},"end":{"line":88,"column":64}},"34":{"start":{"line":91,"column":21},"end":{"line":91,"column":52}},"35":{"start":{"line":92,"column":2},"end":{"line":98,"column":3}},"36":{"start":{"line":93,"column":17},"end":{"line":93,"column":44}},"37":{"start":{"line":94,"column":18},"end":{"line":94,"column":45}},"38":{"start":{"line":95,"column":21},"end":{"line":95,"column":59}},"39":{"start":{"line":96,"column":19},"end":{"line":96,"column":46}},"40":{"start":{"line":97,"column":4},"end":{"line":97,"column":52}},"41":{"start":{"line":100,"column":20},"end":{"line":100,"column":43}},"42":{"start":{"line":101,"column":2},"end":{"line":108,"column":3}},"43":{"start":{"line":102,"column":17},"end":{"line":102,"column":29}},"44":{"start":{"line":103,"column":4},"end":{"line":107,"column":6}},"45":{"start":{"line":110,"column":23},"end":{"line":110,"column":46}},"46":{"start":{"line":111,"column":2},"end":{"line":113,"column":3}},"47":{"start":{"line":112,"column":4},"end":{"line":112,"column":24}},"48":{"start":{"line":115,"column":2},"end":{"line":115,"column":68}},"49":{"start":{"line":123,"column":17},"end":{"line":123,"column":72}},"50":{"start":{"line":125,"column":2},"end":{"line":127,"column":3}},"51":{"start":{"line":126,"column":4},"end":{"line":126,"column":70}},"52":{"start":{"line":129,"column":2},"end":{"line":137,"column":3}},"53":{"start":{"line":130,"column":21},"end":{"line":130,"column":42}},"54":{"start":{"line":131,"column":4},"end":{"line":136,"column":6}},"55":{"start":{"line":139,"column":15},"end":{"line":139,"column":66}},"56":{"start":{"line":140,"column":2},"end":{"line":142,"column":3}},"57":{"start":{"line":141,"column":4},"end":{"line":141,"column":70}},"58":{"start":{"line":144,"column":2},"end":{"line":148,"column":4}},"59":{"start":{"line":157,"column":2},"end":{"line":157,"column":29}},"60":{"start":{"line":157,"column":16},"end":{"line":157,"column":29}},"61":{"start":{"line":158,"column":2},"end":{"line":158,"column":83}},"62":{"start":{"line":158,"column":70},"end":{"line":158,"column":83}},"63":{"start":{"line":159,"column":2},"end":{"line":159,"column":73}},"64":{"start":{"line":159,"column":60},"end":{"line":159,"column":73}},"65":{"start":{"line":160,"column":2},"end":{"line":160,"column":58}}},"fnMap":{"0":{"name":"resolveAsOfDate","decl":{"start":{"line":12,"column":9},"end":{"line":12,"column":24}},"loc":{"start":{"line":12,"column":31},"end":{"line":15,"column":1}},"line":12},"1":{"name":"lastDayOfMonth","decl":{"start":{"line":17,"column":9},"end":{"line":17,"column":23}},"loc":{"start":{"line":17,"column":37},"end":{"line":19,"column":1}},"line":17},"2":{"name":"isOpenEndedText","decl":{"start":{"line":21,"column":9},"end":{"line":21,"column":24}},"loc":{"start":{"line":21,"column":30},"end":{"line":25,"column":1}},"line":21},"3":{"name":"pickLessPrecisePrecision","decl":{"start":{"line":27,"column":9},"end":{"line":27,"column":33}},"loc":{"start":{"line":27,"column":40},"end":{"line":29,"column":1}},"line":27},"4":{"name":"parseSeasonBounds","decl":{"start":{"line":31,"column":9},"end":{"line":31,"column":26}},"loc":{"start":{"line":31,"column":32},"end":{"line":53,"column":1}},"line":31},"5":{"name":"normalizeTimeBound","decl":{"start":{"line":60,"column":16},"end":{"line":60,"column":34}},"loc":{"start":{"line":60,"column":72},"end":{"line":116,"column":1}},"line":60},"6":{"name":"normalizeStintInterval","decl":{"start":{"line":122,"column":16},"end":{"line":122,"column":38}},"loc":{"start":{"line":122,"column":74},"end":{"line":149,"column":1}},"line":122},"7":{"name":"intervalsOverlap","decl":{"start":{"line":156,"column":16},"end":{"line":156,"column":32}},"loc":{"start":{"line":156,"column":39},"end":{"line":161,"column":1}},"line":156}},"branchMap":{"0":{"loc":{"start":{"line":13,"column":2},"end":{"line":13,"column":45}},"type":"if","locations":[{"start":{"line":13,"column":2},"end":{"line":13,"column":45}},{"start":{},"end":{}}],"line":13},"1":{"loc":{"start":{"line":22,"column":2},"end":{"line":22,"column":32}},"type":"if","locations":[{"start":{"line":22,"column":2},"end":{"line":22,"column":32}},{"start":{},"end":{}}],"line":22},"2":{"loc":{"start":{"line":24,"column":9},"end":{"line":24,"column":42}},"type":"binary-expr","locations":[{"start":{"line":24,"column":9},"end":{"line":24,"column":17}},{"start":{"line":24,"column":21},"end":{"line":24,"column":42}}],"line":24},"3":{"loc":{"start":{"line":28,"column":9},"end":{"line":28,"column":69}},"type":"cond-expr","locations":[{"start":{"line":28,"column":64},"end":{"line":28,"column":65}},{"start":{"line":28,"column":68},"end":{"line":28,"column":69}}],"line":28},"4":{"loc":{"start":{"line":28,"column":10},"end":{"line":28,"column":32}},"type":"binary-expr","locations":[{"start":{"line":28,"column":10},"end":{"line":28,"column":27}},{"start":{"line":28,"column":31},"end":{"line":28,"column":32}}],"line":28},"5":{"loc":{"start":{"line":28,"column":38},"end":{"line":28,"column":60}},"type":"binary-expr","locations":[{"start":{"line":28,"column":38},"end":{"line":28,"column":55}},{"start":{"line":28,"column":59},"end":{"line":28,"column":60}}],"line":28},"6":{"loc":{"start":{"line":33,"column":2},"end":{"line":33,"column":26}},"type":"if","locations":[{"start":{"line":33,"column":2},"end":{"line":33,"column":26}},{"start":{},"end":{}}],"line":33},"7":{"loc":{"start":{"line":38,"column":2},"end":{"line":46,"column":3}},"type":"if","locations":[{"start":{"line":38,"column":2},"end":{"line":46,"column":3}},{"start":{"line":44,"column":9},"end":{"line":46,"column":3}}],"line":38},"8":{"loc":{"start":{"line":41,"column":4},"end":{"line":43,"column":5}},"type":"if","locations":[{"start":{"line":41,"column":4},"end":{"line":43,"column":5}},{"start":{},"end":{}}],"line":41},"9":{"loc":{"start":{"line":60,"column":40},"end":{"line":60,"column":70}},"type":"default-arg","locations":[{"start":{"line":60,"column":68},"end":{"line":60,"column":70}}],"line":60},"10":{"loc":{"start":{"line":60,"column":42},"end":{"line":60,"column":57}},"type":"default-arg","locations":[{"start":{"line":60,"column":49},"end":{"line":60,"column":57}}],"line":60},"11":{"loc":{"start":{"line":63,"column":2},"end":{"line":73,"column":3}},"type":"if","locations":[{"start":{"line":63,"column":2},"end":{"line":73,"column":3}},{"start":{},"end":{}}],"line":63},"12":{"loc":{"start":{"line":63,"column":6},"end":{"line":63,"column":46}},"type":"binary-expr","locations":[{"start":{"line":63,"column":6},"end":{"line":63,"column":17}},{"start":{"line":63,"column":21},"end":{"line":63,"column":46}}],"line":63},"13":{"loc":{"start":{"line":64,"column":4},"end":{"line":71,"column":5}},"type":"if","locations":[{"start":{"line":64,"column":4},"end":{"line":71,"column":5}},{"start":{},"end":{}}],"line":64},"14":{"loc":{"start":{"line":77,"column":2},"end":{"line":84,"column":3}},"type":"if","locations":[{"start":{"line":77,"column":2},"end":{"line":84,"column":3}},{"start":{},"end":{}}],"line":77},"15":{"loc":{"start":{"line":87,"column":2},"end":{"line":89,"column":3}},"type":"if","locations":[{"start":{"line":87,"column":2},"end":{"line":89,"column":3}},{"start":{},"end":{}}],"line":87},"16":{"loc":{"start":{"line":92,"column":2},"end":{"line":98,"column":3}},"type":"if","locations":[{"start":{"line":92,"column":2},"end":{"line":98,"column":3}},{"start":{},"end":{}}],"line":92},"17":{"loc":{"start":{"line":101,"column":2},"end":{"line":108,"column":3}},"type":"if","locations":[{"start":{"line":101,"column":2},"end":{"line":108,"column":3}},{"start":{},"end":{}}],"line":101},"18":{"loc":{"start":{"line":111,"column":2},"end":{"line":113,"column":3}},"type":"if","locations":[{"start":{"line":111,"column":2},"end":{"line":113,"column":3}},{"start":{},"end":{}}],"line":111},"19":{"loc":{"start":{"line":122,"column":39},"end":{"line":122,"column":72}},"type":"default-arg","locations":[{"start":{"line":122,"column":70},"end":{"line":122,"column":72}}],"line":122},"20":{"loc":{"start":{"line":125,"column":2},"end":{"line":127,"column":3}},"type":"if","locations":[{"start":{"line":125,"column":2},"end":{"line":127,"column":3}},{"start":{},"end":{}}],"line":125},"21":{"loc":{"start":{"line":125,"column":6},"end":{"line":125,"column":60}},"type":"binary-expr","locations":[{"start":{"line":125,"column":6},"end":{"line":125,"column":40}},{"start":{"line":125,"column":44},"end":{"line":125,"column":60}}],"line":125},"22":{"loc":{"start":{"line":129,"column":2},"end":{"line":137,"column":3}},"type":"if","locations":[{"start":{"line":129,"column":2},"end":{"line":137,"column":3}},{"start":{},"end":{}}],"line":129},"23":{"loc":{"start":{"line":129,"column":6},"end":{"line":129,"column":82}},"type":"binary-expr","locations":[{"start":{"line":129,"column":6},"end":{"line":129,"column":21}},{"start":{"line":129,"column":25},"end":{"line":129,"column":54}},{"start":{"line":129,"column":58},"end":{"line":129,"column":82}}],"line":129},"24":{"loc":{"start":{"line":140,"column":2},"end":{"line":142,"column":3}},"type":"if","locations":[{"start":{"line":140,"column":2},"end":{"line":142,"column":3}},{"start":{},"end":{}}],"line":140},"25":{"loc":{"start":{"line":140,"column":6},"end":{"line":140,"column":54}},"type":"binary-expr","locations":[{"start":{"line":140,"column":6},"end":{"line":140,"column":38}},{"start":{"line":140,"column":42},"end":{"line":140,"column":54}}],"line":140},"26":{"loc":{"start":{"line":157,"column":2},"end":{"line":157,"column":29}},"type":"if","locations":[{"start":{"line":157,"column":2},"end":{"line":157,"column":29}},{"start":{},"end":{}}],"line":157},"27":{"loc":{"start":{"line":157,"column":6},"end":{"line":157,"column":14}},"type":"binary-expr","locations":[{"start":{"line":157,"column":6},"end":{"line":157,"column":8}},{"start":{"line":157,"column":12},"end":{"line":157,"column":14}}],"line":157},"28":{"loc":{"start":{"line":158,"column":2},"end":{"line":158,"column":83}},"type":"if","locations":[{"start":{"line":158,"column":2},"end":{"line":158,"column":83}},{"start":{},"end":{}}],"line":158},"29":{"loc":{"start":{"line":158,"column":6},"end":{"line":158,"column":68}},"type":"binary-expr","locations":[{"start":{"line":158,"column":6},"end":{"line":158,"column":35}},{"start":{"line":158,"column":39},"end":{"line":158,"column":68}}],"line":158},"30":{"loc":{"start":{"line":159,"column":2},"end":{"line":159,"column":73}},"type":"if","locations":[{"start":{"line":159,"column":2},"end":{"line":159,"column":73}},{"start":{},"end":{}}],"line":159},"31":{"loc":{"start":{"line":159,"column":6},"end":{"line":159,"column":58}},"type":"binary-expr","locations":[{"start":{"line":159,"column":6},"end":{"line":159,"column":17}},{"start":{"line":159,"column":21},"end":{"line":159,"column":30}},{"start":{"line":159,"column":34},"end":{"line":159,"column":45}},{"start":{"line":159,"column":49},"end":{"line":159,"column":58}}],"line":159},"32":{"loc":{"start":{"line":160,"column":9},"end":{"line":160,"column":57}},"type":"binary-expr","locations":[{"start":{"line":160,"column":9},"end":{"line":160,"column":31}},{"start":{"line":160,"column":35},"end":{"line":160,"column":57}}],"line":160}},"s":{"0":2,"1":2,"2":84,"3":81,"4":3,"5":2,"6":104,"7":0,"8":104,"9":104,"10":26,"11":8,"12":8,"13":3,"14":5,"15":5,"16":5,"17":4,"18":4,"19":4,"20":1,"21":1,"22":5,"23":80,"24":80,"25":5,"26":1,"27":4,"28":75,"29":75,"30":8,"31":67,"32":67,"33":25,"34":42,"35":42,"36":2,"37":2,"38":2,"39":2,"40":2,"41":40,"42":40,"43":32,"44":32,"45":8,"46":8,"47":5,"48":3,"49":34,"50":34,"51":3,"52":31,"53":4,"54":4,"55":27,"56":27,"57":1,"58":26,"59":9,"60":2,"61":7,"62":2,"63":5,"64":2,"65":3},"f":{"0":84,"1":2,"2":104,"3":26,"4":8,"5":80,"6":34,"7":9},"b":{"0":[81,3],"1":[0,104],"2":[104,104],"3":[24,2],"4":[26,0],"5":[26,0],"6":[3,5],"7":[4,1],"8":[1,3],"9":[1],"10":[8],"11":[5,75],"12":[80,76],"13":[1,4],"14":[8,67],"15":[25,42],"16":[2,40],"17":[32,8],"18":[5,3],"19":[1],"20":[3,31],"21":[34,31],"22":[4,27],"23":[31,30,29],"24":[1,26],"25":[27,26],"26":[2,7],"27":[9,8],"28":[2,5],"29":[7,6],"30":[2,3],"31":[5,4,4,4],"32":[3,3]},"_coverageSchema":"1a1c01bbd47fc00a2c39e90264f33305004495a9","hash":"ae53faae17e1566bd6edc6848f044ccb6c0ea0d2"}
}
