{"D:\\work\\football-ai-community\\server\\src\\agents\\scout-agent.js": {"path":"D:\\work\\football-ai-community\\server\\src\\agents\\scout-agent.js","statementMap":{"0":{"start":{"line":6,"column":17},"end":{"line":6,"column":62}},"1":{"start":{"line":6,"column":40},"end":{"line":6,"column":61}},"2":{"start":{"line":7,"column":2},"end":{"line":14,"column":4}},"3":{"start":{"line":19,"column":4},"end":{"line":19,"column":67}},"4":{"start":{"line":23,"column":20},"end":{"line":23,"column":79}},"5":{"start":{"line":25,"column":4},"end":{"line":27,"column":5}},"6":{"start":{"line":26,"column":6},"end":{"line":26,"column":55}},"7":{"start":{"line":28,"column":4},"end":{"line":30,"column":5}},"8":{"start":{"line":29,"column":6},"end":{"line":29,"column":57}},"9":{"start":{"line":31,"column":4},"end":{"line":33,"column":5}},"10":{"start":{"line":32,"column":6},"end":{"line":32,"column":74}},"11":{"start":{"line":34,"column":4},"end":{"line":36,"column":5}},"12":{"start":{"line":35,"column":6},"end":{"line":35,"column":81}},"13":{"start":{"line":38,"column":4},"end":{"line":66,"column":5}},"14":{"start":{"line":39,"column":20},"end":{"line":44,"column":8}},"15":{"start":{"line":46,"column":28},"end":{"line":46,"column":109}},"16":{"start":{"line":46,"column":63},"end":{"line":46,"column":108}},"17":{"start":{"line":47,"column":23},"end":{"line":47,"column":47}},"18":{"start":{"line":49,"column":6},"end":{"line":52,"column":7}},"19":{"start":{"line":50,"column":8},"end":{"line":50,"column":54}},"20":{"start":{"line":51,"column":8},"end":{"line":51,"column":66}},"21":{"start":{"line":54,"column":6},"end":{"line":60,"column":8}},"22":{"start":{"line":62,"column":6},"end":{"line":64,"column":7}},"23":{"start":{"line":63,"column":8},"end":{"line":63,"column":63}},"24":{"start":{"line":65,"column":6},"end":{"line":65,"column":16}},"25":{"start":{"line":71,"column":2},"end":{"line":71,"column":35}}},"fnMap":{"0":{"name":"enrichRecommendation","decl":{"start":{"line":5,"column":9},"end":{"line":5,"column":29}},"loc":{"start":{"line":5,"column":47},"end":{"line":15,"column":1}},"line":5},"1":{"name":"(anonymous_1)","decl":{"start":{"line":6,"column":33},"end":{"line":6,"column":34}},"loc":{"start":{"line":6,"column":40},"end":{"line":6,"column":61}},"line":6},"2":{"name":"(anonymous_2)","decl":{"start":{"line":18,"column":2},"end":{"line":18,"column":3}},"loc":{"start":{"line":18,"column":46},"end":{"line":20,"column":3}},"line":18},"3":{"name":"(anonymous_3)","decl":{"start":{"line":22,"column":2},"end":{"line":22,"column":3}},"loc":{"start":{"line":22,"column":80},"end":{"line":67,"column":3}},"line":22},"4":{"name":"(anonymous_4)","decl":{"start":{"line":46,"column":54},"end":{"line":46,"column":55}},"loc":{"start":{"line":46,"column":63},"end":{"line":46,"column":108}},"line":46},"5":{"name":"createScoutAgent","decl":{"start":{"line":70,"column":16},"end":{"line":70,"column":32}},"loc":{"start":{"line":70,"column":49},"end":{"line":72,"column":1}},"line":70}},"branchMap":{"0":{"loc":{"start":{"line":9,"column":16},"end":{"line":9,"column":44}},"type":"binary-expr","locations":[{"start":{"line":9,"column":16},"end":{"line":9,"column":28}},{"start":{"line":9,"column":32},"end":{"line":9,"column":44}}],"line":9},"1":{"loc":{"start":{"line":10,"column":14},"end":{"line":10,"column":36}},"type":"binary-expr","locations":[{"start":{"line":10,"column":14},"end":{"line":10,"column":30}},{"start":{"line":10,"column":34},"end":{"line":10,"column":36}}],"line":10},"2":{"loc":{"start":{"line":12,"column":17},"end":{"line":12,"column":38}},"type":"binary-expr","locations":[{"start":{"line":12,"column":17},"end":{"line":12,"column":32}},{"start":{"line":12,"column":36},"end":{"line":12,"column":38}}],"line":12},"3":{"loc":{"start":{"line":13,"column":14},"end":{"line":13,"column":61}},"type":"cond-expr","locations":[{"start":{"line":13,"column":44},"end":{"line":13,"column":56}},{"start":{"line":13,"column":59},"end":{"line":13,"column":61}}],"line":13},"4":{"loc":{"start":{"line":18,"column":14},"end":{"line":18,"column":44}},"type":"default-arg","locations":[{"start":{"line":18,"column":42},"end":{"line":18,"column":44}}],"line":18},"5":{"loc":{"start":{"line":18,"column":16},"end":{"line":18,"column":37}},"type":"default-arg","locations":[{"start":{"line":18,"column":33},"end":{"line":18,"column":37}}],"line":18},"6":{"loc":{"start":{"line":19,"column":26},"end":{"line":19,"column":66}},"type":"binary-expr","locations":[{"start":{"line":19,"column":26},"end":{"line":19,"column":40}},{"start":{"line":19,"column":44},"end":{"line":19,"column":66}}],"line":19},"7":{"loc":{"start":{"line":22,"column":63},"end":{"line":22,"column":76}},"type":"default-arg","locations":[{"start":{"line":22,"column":72},"end":{"line":22,"column":76}}],"line":22},"8":{"loc":{"start":{"line":25,"column":4},"end":{"line":27,"column":5}},"type":"if","locations":[{"start":{"line":25,"column":4},"end":{"line":27,"column":5}},{"start":{},"end":{}}],"line":25},"9":{"loc":{"start":{"line":28,"column":4},"end":{"line":30,"column":5}},"type":"if","locations":[{"start":{"line":28,"column":4},"end":{"line":30,"column":5}},{"start":{},"end":{}}],"line":28},"10":{"loc":{"start":{"line":31,"column":4},"end":{"line":33,"column":5}},"type":"if","locations":[{"start":{"line":31,"column":4},"end":{"line":33,"column":5}},{"start":{},"end":{}}],"line":31},"11":{"loc":{"start":{"line":34,"column":4},"end":{"line":36,"column":5}},"type":"if","locations":[{"start":{"line":34,"column":4},"end":{"line":36,"column":5}},{"start":{},"end":{}}],"line":34},"12":{"loc":{"start":{"line":47,"column":23},"end":{"line":47,"column":47}},"type":"binary-expr","locations":[{"start":{"line":47,"column":23},"end":{"line":47,"column":39}},{"start":{"line":47,"column":43},"end":{"line":47,"column":47}}],"line":47},"13":{"loc":{"start":{"line":49,"column":6},"end":{"line":52,"column":7}},"type":"if","locations":[{"start":{"line":49,"column":6},"end":{"line":52,"column":7}},{"start":{},"end":{}}],"line":49},"14":{"loc":{"start":{"line":49,"column":10},"end":{"line":49,"column":56}},"type":"binary-expr","locations":[{"start":{"line":49,"column":10},"end":{"line":49,"column":26}},{"start":{"line":49,"column":30},"end":{"line":49,"column":56}}],"line":49},"15":{"loc":{"start":{"line":51,"column":21},"end":{"line":51,"column":65}},"type":"binary-expr","locations":[{"start":{"line":51,"column":21},"end":{"line":51,"column":31}},{"start":{"line":51,"column":35},"end":{"line":51,"column":65}}],"line":51},"16":{"loc":{"start":{"line":57,"column":20},"end":{"line":57,"column":48}},"type":"binary-expr","locations":[{"start":{"line":57,"column":20},"end":{"line":57,"column":36}},{"start":{"line":57,"column":40},"end":{"line":57,"column":48}}],"line":57},"17":{"loc":{"start":{"line":62,"column":6},"end":{"line":64,"column":7}},"type":"if","locations":[{"start":{"line":62,"column":6},"end":{"line":64,"column":7}},{"start":{},"end":{}}],"line":62},"18":{"loc":{"start":{"line":62,"column":10},"end":{"line":62,"column":87}},"type":"binary-expr","locations":[{"start":{"line":62,"column":10},"end":{"line":62,"column":35}},{"start":{"line":62,"column":39},"end":{"line":62,"column":61}},{"start":{"line":62,"column":65},"end":{"line":62,"column":87}}],"line":62},"19":{"loc":{"start":{"line":70,"column":33},"end":{"line":70,"column":47}},"type":"default-arg","locations":[{"start":{"line":70,"column":45},"end":{"line":70,"column":47}}],"line":70}},"s":{"0":21,"1":67,"2":21,"3":16,"4":14,"5":14,"6":2,"7":12,"8":1,"9":11,"10":1,"11":10,"12":1,"13":9,"14":9,"15":6,"16":21,"17":6,"18":6,"19":1,"20":1,"21":6,"22":3,"23":2,"24":1,"25":2},"f":{"0":21,"1":67,"2":16,"3":14,"4":21,"5":2},"b":{"0":[21,2],"1":[21,2],"2":[21,0],"3":[20,1],"4":[0],"5":[1],"6":[16,1],"7":[14],"8":[2,12],"9":[1,11],"10":[1,10],"11":[1,9],"12":[6,5],"13":[1,5],"14":[6,1],"15":[1,1],"16":[6,1],"17":[2,1],"18":[3,2,1],"19":[1]},"_coverageSchema":"1a1c01bbd47fc00a2c39e90264f33305004495a9","hash":"38c057659b17788247258ec1ae8b2dee666da78c"}
,"D:\\work\\football-ai-community\\server\\src\\services\\scout-context-builder.js": {"path":"D:\\work\\football-ai-community\\server\\src\\services\\scout-context-builder.js","statementMap":{"0":{"start":{"line":10,"column":22},"end":{"line":10,"column":24}},"1":{"start":{"line":11,"column":29},"end":{"line":11,"column":30}},"2":{"start":{"line":14,"column":2},"end":{"line":14,"column":29}},"3":{"start":{"line":14,"column":17},"end":{"line":14,"column":29}},"4":{"start":{"line":15,"column":16},"end":{"line":15,"column":85}},"5":{"start":{"line":16,"column":2},"end":{"line":16,"column":26}},"6":{"start":{"line":16,"column":14},"end":{"line":16,"column":26}},"7":{"start":{"line":17,"column":14},"end":{"line":17,"column":54}},"8":{"start":{"line":18,"column":2},"end":{"line":18,"column":40}},"9":{"start":{"line":22,"column":2},"end":{"line":22,"column":29}},"10":{"start":{"line":22,"column":17},"end":{"line":22,"column":29}},"11":{"start":{"line":23,"column":19},"end":{"line":23,"column":108}},"12":{"start":{"line":24,"column":2},"end":{"line":24,"column":62}},"13":{"start":{"line":24,"column":31},"end":{"line":24,"column":52}},"14":{"start":{"line":28,"column":20},"end":{"line":28,"column":90}},"15":{"start":{"line":29,"column":16},"end":{"line":29,"column":82}},"16":{"start":{"line":30,"column":2},"end":{"line":39,"column":4}},"17":{"start":{"line":42,"column":25},"end":{"line":48,"column":1}},"18":{"start":{"line":51,"column":2},"end":{"line":51,"column":28}},"19":{"start":{"line":51,"column":16},"end":{"line":51,"column":28}},"20":{"start":{"line":52,"column":2},"end":{"line":52,"column":36}},"21":{"start":{"line":52,"column":23},"end":{"line":52,"column":36}},"22":{"start":{"line":53,"column":16},"end":{"line":53,"column":44}},"23":{"start":{"line":54,"column":18},"end":{"line":54,"column":70}},"24":{"start":{"line":55,"column":2},"end":{"line":55,"column":56}},"25":{"start":{"line":55,"column":33},"end":{"line":55,"column":54}},"26":{"start":{"line":59,"column":17},"end":{"line":59,"column":27}},"27":{"start":{"line":60,"column":2},"end":{"line":62,"column":3}},"28":{"start":{"line":61,"column":4},"end":{"line":61,"column":72}},"29":{"start":{"line":61,"column":38},"end":{"line":61,"column":70}},"30":{"start":{"line":63,"column":2},"end":{"line":65,"column":3}},"31":{"start":{"line":64,"column":4},"end":{"line":64,"column":75}},"32":{"start":{"line":64,"column":38},"end":{"line":64,"column":73}},"33":{"start":{"line":66,"column":2},"end":{"line":66,"column":18}},"34":{"start":{"line":70,"column":33},"end":{"line":70,"column":63}},"35":{"start":{"line":71,"column":2},"end":{"line":73,"column":3}},"36":{"start":{"line":72,"column":4},"end":{"line":72,"column":47}},"37":{"start":{"line":75,"column":2},"end":{"line":93,"column":3}},"38":{"start":{"line":76,"column":4},"end":{"line":78,"column":5}},"39":{"start":{"line":77,"column":6},"end":{"line":77,"column":32}},"40":{"start":{"line":79,"column":19},"end":{"line":79,"column":89}},"41":{"start":{"line":80,"column":23},"end":{"line":80,"column":53}},"42":{"start":{"line":81,"column":19},"end":{"line":81,"column":56}},"43":{"start":{"line":82,"column":21},"end":{"line":82,"column":60}},"44":{"start":{"line":83,"column":21},"end":{"line":83,"column":71}},"45":{"start":{"line":84,"column":4},"end":{"line":92,"column":6}},"46":{"start":{"line":95,"column":2},"end":{"line":115,"column":3}},"47":{"start":{"line":96,"column":17},"end":{"line":96,"column":40}},"48":{"start":{"line":97,"column":4},"end":{"line":99,"column":5}},"49":{"start":{"line":98,"column":6},"end":{"line":98,"column":32}},"50":{"start":{"line":100,"column":19},"end":{"line":100,"column":89}},"51":{"start":{"line":101,"column":23},"end":{"line":101,"column":53}},"52":{"start":{"line":102,"column":19},"end":{"line":102,"column":56}},"53":{"start":{"line":103,"column":21},"end":{"line":103,"column":60}},"54":{"start":{"line":104,"column":21},"end":{"line":104,"column":71}},"55":{"start":{"line":105,"column":4},"end":{"line":114,"column":6}},"56":{"start":{"line":117,"column":2},"end":{"line":131,"column":3}},"57":{"start":{"line":118,"column":19},"end":{"line":118,"column":70}},"58":{"start":{"line":119,"column":23},"end":{"line":119,"column":53}},"59":{"start":{"line":120,"column":19},"end":{"line":120,"column":56}},"60":{"start":{"line":121,"column":21},"end":{"line":121,"column":60}},"61":{"start":{"line":122,"column":21},"end":{"line":122,"column":71}},"62":{"start":{"line":123,"column":4},"end":{"line":130,"column":6}},"63":{"start":{"line":133,"column":2},"end":{"line":133,"column":27}}},"fnMap":{"0":{"name":"parseMaxAgeFromQuestion","decl":{"start":{"line":13,"column":16},"end":{"line":13,"column":39}},"loc":{"start":{"line":13,"column":50},"end":{"line":19,"column":1}},"line":13},"1":{"name":"parsePositionFromQuestion","decl":{"start":{"line":21,"column":16},"end":{"line":21,"column":41}},"loc":{"start":{"line":21,"column":52},"end":{"line":25,"column":1}},"line":21},"2":{"name":"(anonymous_2)","decl":{"start":{"line":24,"column":23},"end":{"line":24,"column":24}},"loc":{"start":{"line":24,"column":31},"end":{"line":24,"column":52}},"line":24},"3":{"name":"mapCandidate","decl":{"start":{"line":27,"column":9},"end":{"line":27,"column":21}},"loc":{"start":{"line":27,"column":30},"end":{"line":40,"column":1}},"line":27},"4":{"name":"matchPosition","decl":{"start":{"line":50,"column":9},"end":{"line":50,"column":22}},"loc":{"start":{"line":50,"column":48},"end":{"line":56,"column":1}},"line":50},"5":{"name":"(anonymous_5)","decl":{"start":{"line":55,"column":22},"end":{"line":55,"column":23}},"loc":{"start":{"line":55,"column":33},"end":{"line":55,"column":54}},"line":55},"6":{"name":"filterCandidates","decl":{"start":{"line":58,"column":9},"end":{"line":58,"column":25}},"loc":{"start":{"line":58,"column":79},"end":{"line":67,"column":1}},"line":58},"7":{"name":"(anonymous_7)","decl":{"start":{"line":61,"column":31},"end":{"line":61,"column":32}},"loc":{"start":{"line":61,"column":38},"end":{"line":61,"column":70}},"line":61},"8":{"name":"(anonymous_8)","decl":{"start":{"line":64,"column":31},"end":{"line":64,"column":32}},"loc":{"start":{"line":64,"column":38},"end":{"line":64,"column":73}},"line":64},"9":{"name":"buildScoutContext","decl":{"start":{"line":69,"column":16},"end":{"line":69,"column":33}},"loc":{"start":{"line":69,"column":81},"end":{"line":134,"column":1}},"line":69}},"branchMap":{"0":{"loc":{"start":{"line":14,"column":2},"end":{"line":14,"column":29}},"type":"if","locations":[{"start":{"line":14,"column":2},"end":{"line":14,"column":29}},{"start":{},"end":{}}],"line":14},"1":{"loc":{"start":{"line":16,"column":2},"end":{"line":16,"column":26}},"type":"if","locations":[{"start":{"line":16,"column":2},"end":{"line":16,"column":26}},{"start":{},"end":{}}],"line":16},"2":{"loc":{"start":{"line":17,"column":21},"end":{"line":17,"column":53}},"type":"binary-expr","locations":[{"start":{"line":17,"column":21},"end":{"line":17,"column":29}},{"start":{"line":17,"column":33},"end":{"line":17,"column":41}},{"start":{"line":17,"column":45},"end":{"line":17,"column":53}}],"line":17},"3":{"loc":{"start":{"line":18,"column":9},"end":{"line":18,"column":39}},"type":"cond-expr","locations":[{"start":{"line":18,"column":29},"end":{"line":18,"column":33}},{"start":{"line":18,"column":36},"end":{"line":18,"column":39}}],"line":18},"4":{"loc":{"start":{"line":22,"column":2},"end":{"line":22,"column":29}},"type":"if","locations":[{"start":{"line":22,"column":2},"end":{"line":22,"column":29}},{"start":{},"end":{}}],"line":22},"5":{"loc":{"start":{"line":24,"column":9},"end":{"line":24,"column":61}},"type":"binary-expr","locations":[{"start":{"line":24,"column":9},"end":{"line":24,"column":53}},{"start":{"line":24,"column":57},"end":{"line":24,"column":61}}],"line":24},"6":{"loc":{"start":{"line":29,"column":16},"end":{"line":29,"column":82}},"type":"cond-expr","locations":[{"start":{"line":29,"column":39},"end":{"line":29,"column":77}},{"start":{"line":29,"column":80},"end":{"line":29,"column":82}}],"line":29},"7":{"loc":{"start":{"line":51,"column":2},"end":{"line":51,"column":28}},"type":"if","locations":[{"start":{"line":51,"column":2},"end":{"line":51,"column":28}},{"start":{},"end":{}}],"line":51},"8":{"loc":{"start":{"line":52,"column":2},"end":{"line":52,"column":36}},"type":"if","locations":[{"start":{"line":52,"column":2},"end":{"line":52,"column":36}},{"start":{},"end":{}}],"line":52},"9":{"loc":{"start":{"line":54,"column":18},"end":{"line":54,"column":70}},"type":"binary-expr","locations":[{"start":{"line":54,"column":18},"end":{"line":54,"column":43}},{"start":{"line":54,"column":47},"end":{"line":54,"column":70}}],"line":54},"10":{"loc":{"start":{"line":58,"column":38},"end":{"line":58,"column":77}},"type":"default-arg","locations":[{"start":{"line":58,"column":75},"end":{"line":58,"column":77}}],"line":58},"11":{"loc":{"start":{"line":58,"column":40},"end":{"line":58,"column":53}},"type":"default-arg","locations":[{"start":{"line":58,"column":49},"end":{"line":58,"column":53}}],"line":58},"12":{"loc":{"start":{"line":58,"column":55},"end":{"line":58,"column":70}},"type":"default-arg","locations":[{"start":{"line":58,"column":66},"end":{"line":58,"column":70}}],"line":58},"13":{"loc":{"start":{"line":60,"column":2},"end":{"line":62,"column":3}},"type":"if","locations":[{"start":{"line":60,"column":2},"end":{"line":62,"column":3}},{"start":{},"end":{}}],"line":60},"14":{"loc":{"start":{"line":61,"column":38},"end":{"line":61,"column":70}},"type":"binary-expr","locations":[{"start":{"line":61,"column":38},"end":{"line":61,"column":51}},{"start":{"line":61,"column":55},"end":{"line":61,"column":70}}],"line":61},"15":{"loc":{"start":{"line":63,"column":2},"end":{"line":65,"column":3}},"type":"if","locations":[{"start":{"line":63,"column":2},"end":{"line":65,"column":3}},{"start":{},"end":{}}],"line":63},"16":{"loc":{"start":{"line":69,"column":60},"end":{"line":69,"column":77}},"type":"default-arg","locations":[{"start":{"line":69,"column":75},"end":{"line":69,"column":77}}],"line":69},"17":{"loc":{"start":{"line":71,"column":2},"end":{"line":73,"column":3}},"type":"if","locations":[{"start":{"line":71,"column":2},"end":{"line":73,"column":3}},{"start":{},"end":{}}],"line":71},"18":{"loc":{"start":{"line":75,"column":2},"end":{"line":93,"column":3}},"type":"if","locations":[{"start":{"line":75,"column":2},"end":{"line":93,"column":3}},{"start":{},"end":{}}],"line":75},"19":{"loc":{"start":{"line":76,"column":4},"end":{"line":78,"column":5}},"type":"if","locations":[{"start":{"line":76,"column":4},"end":{"line":78,"column":5}},{"start":{},"end":{}}],"line":76},"20":{"loc":{"start":{"line":76,"column":8},"end":{"line":76,"column":58}},"type":"binary-expr","locations":[{"start":{"line":76,"column":8},"end":{"line":76,"column":18}},{"start":{"line":76,"column":22},"end":{"line":76,"column":58}}],"line":76},"21":{"loc":{"start":{"line":95,"column":2},"end":{"line":115,"column":3}},"type":"if","locations":[{"start":{"line":95,"column":2},"end":{"line":115,"column":3}},{"start":{},"end":{}}],"line":95},"22":{"loc":{"start":{"line":97,"column":4},"end":{"line":99,"column":5}},"type":"if","locations":[{"start":{"line":97,"column":4},"end":{"line":99,"column":5}},{"start":{},"end":{}}],"line":97},"23":{"loc":{"start":{"line":117,"column":2},"end":{"line":131,"column":3}},"type":"if","locations":[{"start":{"line":117,"column":2},"end":{"line":131,"column":3}},{"start":{},"end":{}}],"line":117}},"s":{"0":2,"1":2,"2":22,"3":1,"4":21,"5":21,"6":16,"7":5,"8":5,"9":21,"10":1,"11":20,"12":20,"13":138,"14":258,"15":258,"16":258,"17":2,"18":114,"19":0,"20":114,"21":0,"22":114,"23":114,"24":114,"25":114,"26":18,"27":18,"28":2,"29":8,"30":18,"31":6,"32":114,"33":18,"34":26,"35":26,"36":2,"37":24,"38":17,"39":2,"40":15,"41":15,"42":15,"43":15,"44":15,"45":15,"46":7,"47":4,"48":4,"49":2,"50":2,"51":2,"52":2,"53":2,"54":2,"55":2,"56":3,"57":1,"58":1,"59":1,"60":1,"61":1,"62":1,"63":2},"f":{"0":22,"1":21,"2":138,"3":258,"4":114,"5":114,"6":18,"7":8,"8":114,"9":26},"b":{"0":[1,21],"1":[16,5],"2":[5,2,1],"3":[0,5],"4":[1,20],"5":[20,12],"6":[55,203],"7":[0,114],"8":[0,114],"9":[114,50],"10":[0],"11":[0],"12":[0],"13":[2,16],"14":[8,8],"15":[6,12],"16":[5],"17":[2,24],"18":[17,7],"19":[2,15],"20":[17,17],"21":[4,3],"22":[2,2],"23":[1,2]},"_coverageSchema":"1a1c01bbd47fc00a2c39e90264f33305004495a9","hash":"9b81b73614a14941a81f9434805763947c31222c"}
}
