TN:
SF:src\config\index.js
FNF:0
FNH:0
DA:6,1
DA:7,1
DA:9,1
DA:23,1
DA:25,1
DA:26,0
DA:27,0
DA:30,1
DA:32,1
LF:9
LH:7
BRDA:25,0,0,0
BRDA:25,0,1,1
BRF:2
BRH:1
end_of_record
TN:
SF:src\db\connection.js
FN:11,getDb
FN:21,closeDb
FN:28,resetDbForTests
FN:33,getMigrationsDir
FNF:4
FNH:3
FNDA:12,getDb
FNDA:1,closeDb
FNDA:0,resetDbForTests
FNDA:1,getMigrationsDir
DA:7,1
DA:9,1
DA:12,12
DA:13,1
DA:14,1
DA:15,1
DA:16,1
DA:18,12
DA:22,1
DA:23,1
DA:24,1
DA:29,0
DA:30,0
DA:34,1
LF:14
LH:12
BRDA:12,0,0,1
BRDA:12,0,1,11
BRDA:22,1,0,1
BRDA:22,1,1,0
BRF:4
BRH:3
end_of_record
TN:
SF:src\db\migrate.js
FN:10,ensureMigrationTable
FN:19,isMigrationApplied
FN:24,markMigrationApplied
FN:31,runMigrations
FN:36,(anonymous_4)
FN:52,runSeed
FNF:6
FNH:5
FNDA:1,ensureMigrationTable
FNDA:2,isMigrationApplied
FNDA:2,markMigrationApplied
FNDA:1,runMigrations
FNDA:3,(anonymous_4)
FNDA:0,runSeed
DA:5,1
DA:11,1
DA:20,2
DA:21,2
DA:25,2
DA:32,1
DA:33,1
DA:35,1
DA:36,3
DA:38,1
DA:39,2
DA:40,0
DA:42,2
DA:43,2
DA:44,0
DA:46,2
DA:47,2
DA:48,2
DA:53,0
LF:19
LH:16
BRDA:39,0,0,0
BRDA:39,0,1,2
BRDA:43,1,0,0
BRDA:43,1,1,2
BRF:4
BRH:2
end_of_record
TN:
SF:src\middleware\auth.js
FN:12,signToken
FN:16,verifyToken
FN:20,optionalAuth
FN:40,requireAuth
FN:47,requireRole
FN:48,(anonymous_5)
FN:59,hasMinimumRole
FNF:7
FNH:7
FNDA:8,signToken
FNDA:5,verifyToken
FNDA:4,optionalAuth
FNDA:2,requireAuth
FNDA:1,requireRole
FNDA:3,(anonymous_5)
FNDA:6,hasMinimumRole
DA:5,1
DA:13,8
DA:17,5
DA:21,4
DA:22,4
DA:23,2
DA:26,2
DA:27,2
DA:28,2
DA:29,1
DA:37,2
DA:41,2
DA:42,1
DA:44,1
DA:48,1
DA:49,3
DA:50,1
DA:52,2
DA:53,1
DA:55,1
DA:60,6
LF:21
LH:21
BRDA:22,0,0,2
BRDA:22,0,1,2
BRDA:22,1,0,4
BRDA:22,1,1,3
BRDA:41,2,0,1
BRDA:41,2,1,1
BRDA:49,3,0,1
BRDA:49,3,1,2
BRDA:52,4,0,1
BRDA:52,4,1,1
BRDA:60,5,0,6
BRDA:60,5,1,1
BRDA:60,6,0,6
BRDA:60,6,1,1
BRF:14
BRH:14
end_of_record
TN:
SF:src\middleware\error.js
FN:2,(anonymous_0)
FN:10,errorMiddleware
FNF:2
FNH:1
FNDA:9,(anonymous_0)
FNDA:0,errorMiddleware
DA:3,9
DA:4,9
DA:5,9
DA:6,9
DA:11,0
DA:12,0
DA:13,0
DA:15,0
DA:16,0
DA:24,0
LF:10
LH:4
BRDA:11,0,0,0
BRDA:11,0,1,0
BRDA:11,1,0,0
BRDA:11,1,1,0
BRDA:12,2,0,0
BRDA:12,2,1,0
BRDA:12,3,0,0
BRDA:12,3,1,0
BRDA:13,4,0,0
BRDA:13,4,1,0
BRDA:15,5,0,0
BRDA:15,5,1,0
BRF:12
BRH:0
end_of_record
TN:
SF:src\services\auth-service.js
FN:21,mapUserRow
FN:31,registerUser
FN:65,loginUser
FN:83,getUserById
FNF:4
FNH:4
FNDA:7,mapUserRow
FNDA:7,registerUser
FNDA:4,loginUser
FNDA:2,getUserById
DA:8,1
DA:10,1
DA:16,1
DA:22,7
DA:32,7
DA:33,7
DA:34,1
DA:37,6
DA:38,6
DA:39,6
DA:40,6
DA:41,1
DA:44,5
DA:45,5
DA:46,5
DA:48,5
DA:53,5
DA:61,5
DA:62,5
DA:66,4
DA:67,4
DA:68,1
DA:71,3
DA:72,3
DA:73,3
DA:74,3
DA:75,2
DA:78,1
DA:79,1
DA:80,1
DA:84,2
DA:85,2
DA:86,2
DA:87,1
DA:89,1
LF:35
LH:35
BRDA:33,0,0,1
BRDA:33,0,1,6
BRDA:40,1,0,1
BRDA:40,1,1,5
BRDA:67,2,0,1
BRDA:67,2,1,3
BRDA:74,3,0,2
BRDA:74,3,1,1
BRDA:74,4,0,3
BRDA:74,4,1,2
BRDA:86,5,0,1
BRDA:86,5,1,1
BRF:12
BRH:12
end_of_record
