TN:
SF:src\agents\scout-agent.js
FN:5,enrichRecommendation
FN:6,(anonymous_1)
FN:18,(anonymous_2)
FN:22,(anonymous_3)
FN:46,(anonymous_4)
FN:70,createScoutAgent
FNF:6
FNH:6
FNDA:21,enrichRecommendation
FNDA:67,(anonymous_1)
FNDA:16,(anonymous_2)
FNDA:14,(anonymous_3)
FNDA:21,(anonymous_4)
FNDA:2,createScoutAgent
DA:6,67
DA:7,21
DA:19,16
DA:23,14
DA:25,14
DA:26,2
DA:28,12
DA:29,1
DA:31,11
DA:32,1
DA:34,10
DA:35,1
DA:38,9
DA:39,9
DA:46,21
DA:47,6
DA:49,6
DA:50,1
DA:51,1
DA:54,6
DA:62,3
DA:63,2
DA:65,1
DA:71,2
LF:24
LH:24
BRDA:9,0,0,21
BRDA:9,0,1,2
BRDA:10,1,0,21
BRDA:10,1,1,2
BRDA:12,2,0,21
BRDA:12,2,1,0
BRDA:13,3,0,20
BRDA:13,3,1,1
BRDA:18,4,0,0
BRDA:18,5,0,1
BRDA:19,6,0,16
BRDA:19,6,1,1
BRDA:22,7,0,14
BRDA:25,8,0,2
BRDA:25,8,1,12
BRDA:28,9,0,1
BRDA:28,9,1,11
BRDA:31,10,0,1
BRDA:31,10,1,10
BRDA:34,11,0,1
BRDA:34,11,1,9
BRDA:47,12,0,6
BRDA:47,12,1,5
BRDA:49,13,0,1
BRDA:49,13,1,5
BRDA:49,14,0,6
BRDA:49,14,1,1
BRDA:51,15,0,1
BRDA:51,15,1,1
BRDA:57,16,0,6
BRDA:57,16,1,1
BRDA:62,17,0,2
BRDA:62,17,1,1
BRDA:62,18,0,3
BRDA:62,18,1,2
BRDA:62,18,2,1
BRDA:70,19,0,1
BRF:37
BRH:35
end_of_record
TN:
SF:src\services\scout-context-builder.js
FN:13,parseMaxAgeFromQuestion
FN:21,parsePositionFromQuestion
FN:24,(anonymous_2)
FN:27,mapCandidate
FN:50,matchPosition
FN:55,(anonymous_5)
FN:58,filterCandidates
FN:61,(anonymous_7)
FN:64,(anonymous_8)
FN:69,buildScoutContext
FNF:10
FNH:10
FNDA:22,parseMaxAgeFromQuestion
FNDA:21,parsePositionFromQuestion
FNDA:138,(anonymous_2)
FNDA:258,mapCandidate
FNDA:114,matchPosition
FNDA:114,(anonymous_5)
FNDA:18,filterCandidates
FNDA:8,(anonymous_7)
FNDA:114,(anonymous_8)
FNDA:26,buildScoutContext
DA:10,2
DA:11,2
DA:14,22
DA:15,21
DA:16,21
DA:17,5
DA:18,5
DA:22,21
DA:23,20
DA:24,138
DA:28,258
DA:29,258
DA:30,258
DA:42,2
DA:51,114
DA:52,114
DA:53,114
DA:54,114
DA:55,114
DA:59,18
DA:60,18
DA:61,8
DA:63,18
DA:64,114
DA:66,18
DA:70,26
DA:71,26
DA:72,2
DA:75,24
DA:76,17
DA:77,2
DA:79,15
DA:80,15
DA:81,15
DA:82,15
DA:83,15
DA:84,15
DA:95,7
DA:96,4
DA:97,4
DA:98,2
DA:100,2
DA:101,2
DA:102,2
DA:103,2
DA:104,2
DA:105,2
DA:117,3
DA:118,1
DA:119,1
DA:120,1
DA:121,1
DA:122,1
DA:123,1
DA:133,2
LF:55
LH:55
BRDA:14,0,0,1
BRDA:14,0,1,21
BRDA:16,1,0,16
BRDA:16,1,1,5
BRDA:17,2,0,5
BRDA:17,2,1,2
BRDA:17,2,2,1
BRDA:18,3,0,0
BRDA:18,3,1,5
BRDA:22,4,0,1
BRDA:22,4,1,20
BRDA:24,5,0,20
BRDA:24,5,1,12
BRDA:29,6,0,55
BRDA:29,6,1,203
BRDA:51,7,0,0
BRDA:51,7,1,114
BRDA:52,8,0,0
BRDA:52,8,1,114
BRDA:54,9,0,114
BRDA:54,9,1,50
BRDA:58,10,0,0
BRDA:58,11,0,0
BRDA:58,12,0,0
BRDA:60,13,0,2
BRDA:60,13,1,16
BRDA:61,14,0,8
BRDA:61,14,1,8
BRDA:63,15,0,6
BRDA:63,15,1,12
BRDA:69,16,0,5
BRDA:71,17,0,2
BRDA:71,17,1,24
BRDA:75,18,0,17
BRDA:75,18,1,7
BRDA:76,19,0,2
BRDA:76,19,1,15
BRDA:76,20,0,17
BRDA:76,20,1,17
BRDA:95,21,0,4
BRDA:95,21,1,3
BRDA:97,22,0,2
BRDA:97,22,1,2
BRDA:117,23,0,1
BRDA:117,23,1,2
BRF:45
BRH:39
end_of_record
